1866  openat(AT_FDCWD, "assignment-data.txt", O_WRONLY|O_CREAT|O_TRUNC, 0666) = 4
1866  write(4, "Advanced DBMS Lab 1\nThis file wa"..., 178) = 178
1866  close(4)                          = 0
1866  openat(AT_FDCWD, "assignment-data.txt", O_RDONLY) = 4
1866  read(4, "Advanced DBMS Lab 1\nThis file wa"..., 178) = 178
1866  close(4)                          = 01865  openat(AT_FDCWD, "/usr/lib/jvm/java-21-openjdk-amd64/bin/glibc-hwcaps/x86-64-v3/libz.so.1", O_RDONLY|O_CLOEXEC) = -1 ENOENT (No such file or directory)
1865  openat(AT_FDCWD, "/usr/lib/jvm/java-21-openjdk-amd64/bin/glibc-hwcaps/x86-64-v2/libz.so.1", O_RDONLY|O_CLOEXEC) = -1 ENOENT (No such file or directory)
1865  openat(AT_FDCWD, "/usr/lib/jvm/java-21-openjdk-amd64/bin/libz.so.1", O_RDONLY|O_CLOEXEC) = -1 ENOENT (No such file or directory)
1865  openat(AT_FDCWD, "/usr/lib/jvm/java-21-openjdk-amd64/bin/../lib/glibc-hwcaps/x86-64-v3/libz.so.1", O_RDONLY|O_CLOEXEC) = -1 ENOENT (No such file or directory)
1865  openat(AT_FDCWD, "/usr/lib/jvm/java-21-openjdk-amd64/bin/../lib/glibc-hwcaps/x86-64-v2/libz.so.1", O_RDONLY|O_CLOEXEC) = -1 ENOENT (No such file or directory)
1865  openat(AT_FDCWD, "/usr/lib/jvm/java-21-openjdk-amd64/bin/../lib/libz.so.1", O_RDONLY|O_CLOEXEC) = -1 ENOENT (No such file or directory)
1865  openat(AT_FDCWD, "/etc/ld.so.cache", O_RDONLY|O_CLOEXEC) = 3
1865  close(3)                          = 0
1865  openat(AT_FDCWD, "/lib/x86_64-linux-gnu/libz.so.1", O_RDONLY|O_CLOEXEC) = 3
1865  read(3, "\177ELF\2\1\1\0\0\0\0\0\0\0\0\0\3\0>\0\1\0\0\0\0\0\0\0\0\0\0\0"..., 832) = 832
1865  close(3)                          = 0
1865  openat(AT_FDCWD, "/usr/lib/jvm/java-21-openjdk-amd64/bin/libjli.so", O_RDONLY|O_CLOEXEC) = -1 ENOENT (No such file or directory)
1865  openat(AT_FDCWD, "/usr/lib/jvm/java-21-openjdk-amd64/bin/../lib/libjli.so", O_RDONLY|O_CLOEXEC) = 3
1865  read(3, "\177ELF\2\1\1\0\0\0\0\0\0\0\0\0\3\0>\0\1\0\0\0\0\0\0\0\0\0\0\0"..., 832) = 832
1865  close(3)                          = 0
1865  openat(AT_FDCWD, "/usr/lib/jvm/java-21-openjdk-amd64/bin/libc.so.6", O_RDONLY|O_CLOEXEC) = -1 ENOENT (No such file or directory)
1865  openat(AT_FDCWD, "/usr/lib/jvm/java-21-openjdk-amd64/bin/../lib/libc.so.6", O_RDONLY|O_CLOEXEC) = -1 ENOENT (No such file or directory)
1865  openat(AT_FDCWD, "/lib/x86_64-linux-gnu/libc.so.6", O_RDONLY|O_CLOEXEC) = 3
1865  read(3, "\177ELF\2\1\1\3\0\0\0\0\0\0\0\0\3\0>\0\1\0\0\0\220\243\2\0\0\0\0\0"..., 832) = 832
1865  close(3)                          = 0
1865  openat(AT_FDCWD, "/usr/lib/jvm/java-21-openjdk-amd64/lib/jvm.cfg", O_RDONLY) = 3
1865  read(3, "-server KNOWN\n-client IGNORE\n-ze"..., 4096) = 54
1865  read(3, "", 4096)                 = 0
1865  close(3)                          = 0
1865  openat(AT_FDCWD, "/usr/lib/jvm/java-21-openjdk-amd64/lib/server/libjvm.so", O_RDONLY|O_CLOEXEC) = 3
1865  read(3, "\177ELF\2\1\1\0\0\0\0\0\0\0\0\0\3\0>\0\1\0\0\0\0\0\0\0\0\0\0\0"..., 832) = 832
1865  close(3)                          = 0
1865  openat(AT_FDCWD, "/usr/lib/jvm/java-21-openjdk-amd64/bin/libstdc++.so.6", O_RDONLY|O_CLOEXEC) = -1 ENOENT (No such file or directory)
1865  openat(AT_FDCWD, "/usr/lib/jvm/java-21-openjdk-amd64/bin/../lib/libstdc++.so.6", O_RDONLY|O_CLOEXEC) = -1 ENOENT (No such file or directory)
1865  openat(AT_FDCWD, "/etc/ld.so.cache", O_RDONLY|O_CLOEXEC) = 3
1865  close(3)                          = 0
1865  openat(AT_FDCWD, "/lib/x86_64-linux-gnu/libstdc++.so.6", O_RDONLY|O_CLOEXEC) = 3
1865  read(3, "\177ELF\2\1\1\3\0\0\0\0\0\0\0\0\3\0>\0\1\0\0\0\0\0\0\0\0\0\0\0"..., 832) = 832
1865  close(3)                          = 0
1865  openat(AT_FDCWD, "/usr/lib/jvm/java-21-openjdk-amd64/bin/libm.so.6", O_RDONLY|O_CLOEXEC) = -1 ENOENT (No such file or directory)
1865  openat(AT_FDCWD, "/usr/lib/jvm/java-21-openjdk-amd64/bin/../lib/libm.so.6", O_RDONLY|O_CLOEXEC) = -1 ENOENT (No such file or directory)
1865  openat(AT_FDCWD, "/lib/x86_64-linux-gnu/libm.so.6", O_RDONLY|O_CLOEXEC) = 3
1865  read(3, "\177ELF\2\1\1\3\0\0\0\0\0\0\0\0\3\0>\0\1\0\0\0\0\0\0\0\0\0\0\0"..., 832) = 832
1865  close(3)                          = 0
1865  openat(AT_FDCWD, "/usr/lib/jvm/java-21-openjdk-amd64/bin/libgcc_s.so.1", O_RDONLY|O_CLOEXEC) = -1 ENOENT (No such file or directory)
1865  openat(AT_FDCWD, "/usr/lib/jvm/java-21-openjdk-amd64/bin/../lib/libgcc_s.so.1", O_RDONLY|O_CLOEXEC) = -1 ENOENT (No such file or directory)
1865  openat(AT_FDCWD, "/lib/x86_64-linux-gnu/libgcc_s.so.1", O_RDONLY|O_CLOEXEC) = 3
1865  read(3, "\177ELF\2\1\1\0\0\0\0\0\0\0\0\0\3\0>\0\1\0\0\0\0\0\0\0\0\0\0\0"..., 832) = 832
1865  close(3)                          = 0
1866  openat(AT_FDCWD, "/sys/devices/system/cpu/possible", O_RDONLY|O_CLOEXEC) = 3
1866  read(3, "0-15\n", 1024)           = 5
1866  close(3)                          = 0
1866  openat(AT_FDCWD, "/proc/stat", O_RDONLY|O_CLOEXEC) = 3
1866  read(3, "cpu  814 100 884 539098 1096 0 1"..., 1024) = 1024
1866  close(3)                          = 0
1866  openat(AT_FDCWD, "/etc/localtime", O_RDONLY|O_CLOEXEC) = 3
1866  read(3, "TZif2\0\0\0\0\0\0\0\0\0\0\0\0\0\0\0\0\0\0\0\0\0\0\0\0\0\0\0"..., 4096) = 114
1866  read(3, "TZif2\0\0\0\0\0\0\0\0\0\0\0\0\0\0\0\0\0\0\0\0\0\0\0\0\0\0\0"..., 4096) = 60
1866  close(3)                          = 0
1866  openat(AT_FDCWD, "/usr/lib/jvm/java-21-openjdk-amd64/lib/libjimage.so", O_RDONLY|O_CLOEXEC) = 3
1866  read(3, "\177ELF\2\1\1\0\0\0\0\0\0\0\0\0\3\0>\0\1\0\0\0\0\0\0\0\0\0\0\0"..., 4096) = 4096
1866  read(3, "\177ELF\2\1\1\0\0\0\0\0\0\0\0\0\3\0>\0\1\0\0\0\0\0\0\0\0\0\0\0"..., 4096) = 4096
1866  close(3)                          = 0
1866  openat(AT_FDCWD, "/usr/lib/jvm/java-21-openjdk-amd64/lib/libjimage.so", O_RDONLY|O_CLOEXEC) = 3
1866  read(3, "\177ELF\2\1\1\0\0\0\0\0\0\0\0\0\3\0>\0\1\0\0\0\0\0\0\0\0\0\0\0"..., 832) = 832
1866  close(3)                          = 0
1866  openat(AT_FDCWD, "/usr/lib/jvm/java-21-openjdk-amd64/lib/modules", O_RDONLY) = 3
1866  openat(AT_FDCWD, "/sys/fs/cgroup/cgroup.controllers", O_RDONLY|O_CLOEXEC) = 4
1866  read(4, "cpuset cpu io memory hugetlb pid"..., 4096) = 39
1866  close(4)                          = 0
1866  openat(AT_FDCWD, "/proc/self/cgroup", O_RDONLY|O_CLOEXEC) = 4
1866  read(4, "0::/init.scope\n", 1024) = 15
1866  read(4, "", 1024)                 = 0
1866  close(4)                          = 0
1866  openat(AT_FDCWD, "/proc/self/mountinfo", O_RDONLY|O_CLOEXEC) = 4
1866  read(4, "75 80 0:29 / /usr/lib/modules/6."..., 1024) = 1024
1866  read(4, "red:14 - devtmpfs none rw,size=3"..., 1024) = 1024
1866  read(4, "upperdir=/system/rw/upper,workdi"..., 1024) = 1024
1866  read(4, "9 - hugetlbfs hugetlbfs rw,pages"..., 1024) = 447
1866  read(4, "", 1024)                 = 0
1866  close(4)                          = 0
1866  openat(AT_FDCWD, "/sys/fs/cgroup/init.scope/memory.max", O_RDONLY|O_CLOEXEC) = 4
1866  read(4, "max\n", 4096)            = 4
1866  close(4)                          = 0
1866  openat(AT_FDCWD, "/sys/fs/cgroup/memory.max", O_RDONLY|O_CLOEXEC) = -1 ENOENT (No such file or directory)
1866  openat(AT_FDCWD, "/sys/fs/cgroup/init.scope/cpu.max", O_RDONLY|O_CLOEXEC) = 4
1866  read(4, "max 100000\n", 4096)     = 11
1866  close(4)                          = 0
1866  openat(AT_FDCWD, "/sys/fs/cgroup/init.scope/cpu.max", O_RDONLY|O_CLOEXEC) = 4
1866  read(4, "max 100000\n", 4096)     = 11
1866  close(4)                          = 0
1866  openat(AT_FDCWD, "/sys/fs/cgroup/cpu.max", O_RDONLY|O_CLOEXEC) = -1 ENOENT (No such file or directory)
1866  openat(AT_FDCWD, "/sys/fs/cgroup/cpu.max", O_RDONLY|O_CLOEXEC) = -1 ENOENT (No such file or directory)
1866  openat(AT_FDCWD, "/sys/fs/cgroup/init.scope/memory.max", O_RDONLY|O_CLOEXEC) = 4
1866  read(4, "max\n", 4096)            = 4
1866  close(4)                          = 0
1866  openat(AT_FDCWD, "/sys/fs/cgroup/init.scope/cpu.max", O_RDONLY|O_CLOEXEC) = 4
1866  read(4, "max 100000\n", 4096)     = 11
1866  close(4)                          = 0
1866  openat(AT_FDCWD, "/sys/fs/cgroup/init.scope/cpu.max", O_RDONLY|O_CLOEXEC) = 4
1866  read(4, "max 100000\n", 4096)     = 11
1866  close(4)                          = 0
1866  openat(AT_FDCWD, "/usr/lib/jvm/java-21-openjdk-amd64/lib/endorsed", O_RDONLY|O_NONBLOCK|O_CLOEXEC|O_DIRECTORY) = -1 ENOENT (No such file or directory)
1866  openat(AT_FDCWD, "/usr/lib/jvm/java-21-openjdk-amd64/lib/ext", O_RDONLY|O_NONBLOCK|O_CLOEXEC|O_DIRECTORY) = -1 ENOENT (No such file or directory)
1866  openat(AT_FDCWD, "/proc/meminfo", O_RDONLY|O_CLOEXEC) = 4
1866  read(4, "MemTotal:        7981252 kB\nMemF"..., 1024) = 1024
1866  read(4, "       6912 kB\nHardwareCorrupted"..., 1024) = 451
1866  close(4)                          = 0
1866  openat(AT_FDCWD, "/sys/kernel/mm/hugepages", O_RDONLY|O_NONBLOCK|O_CLOEXEC|O_DIRECTORY) = 4
1866  close(4)                          = 0
1866  openat(AT_FDCWD, "/sys/kernel/mm/transparent_hugepage/enabled", O_RDONLY) = 4
1866  read(4, "always [madvise] never\n", 4096) = 23
1866  close(4)                          = 0
1866  openat(AT_FDCWD, "/sys/kernel/mm/transparent_hugepage/hpage_pmd_size", O_RDONLY) = 4
1866  read(4, "2097152\n", 4096)        = 8
1866  close(4)                          = 0
1866  openat(AT_FDCWD, "/proc/self/coredump_filter", O_RDWR|O_CLOEXEC) = 4
1866  read(4, "00000033\n", 1024)       = 9
1866  write(4, "0x37", 4)               = 4
1866  close(4)                          = 0
1866  openat(AT_FDCWD, "/proc/self/coredump_filter", O_RDWR|O_CLOEXEC) = 4
1866  read(4, "00000037\n", 1024)       = 9
1866  write(4, "0x3f", 4)               = 4
1866  close(4)                          = 0
1866  close(4)                          = 0
1866  close(4)                          = 0
1866  openat(AT_FDCWD, "/etc/nsswitch.conf", O_RDONLY|O_CLOEXEC) = 4
1866  read(4, "# /etc/nsswitch.conf\n#\n# Example"..., 4096) = 526
1866  read(4, "", 4096)                 = 0
1866  close(4)                          = 0
1866  openat(AT_FDCWD, "/etc/passwd", O_RDONLY|O_CLOEXEC) = 4
1866  read(4, "root:x:0:0:root:/root:/bin/bash\n"..., 4096) = 1476
1866  close(4)                          = 0
1866  openat(AT_FDCWD, "/tmp/hsperfdata_ujjwal", O_RDONLY|O_NOFOLLOW) = 4
1866  openat(AT_FDCWD, "/tmp/hsperfdata_ujjwal", O_RDONLY|O_NONBLOCK|O_CLOEXEC|O_DIRECTORY) = 5
1866  close(4)                          = 0
1866  openat(AT_FDCWD, ".", O_RDONLY)   = 4
1866  close(4)                          = 0
1866  close(5)                          = 0
1866  openat(AT_FDCWD, "/tmp/hsperfdata_ujjwal", O_RDONLY|O_NOFOLLOW) = 4
1866  openat(AT_FDCWD, "/tmp/hsperfdata_ujjwal", O_RDONLY|O_NONBLOCK|O_CLOEXEC|O_DIRECTORY) = 5
1866  close(4)                          = 0
1866  openat(AT_FDCWD, ".", O_RDONLY)   = 4
1866  openat(AT_FDCWD, "1865", O_RDWR|O_CREAT|O_NOFOLLOW|O_CLOEXEC, 0600) = 6
1866  close(4)                          = 0
1866  close(5)                          = 0
1866  write(6, "\0", 1)                 = 1
1866  write(6, "\0", 1)                 = 1
1866  write(6, "\0", 1)                 = 1
1866  write(6, "\0", 1)                 = 1
1866  write(6, "\0", 1)                 = 1
1866  write(6, "\0", 1)                 = 1
1866  write(6, "\0", 1)                 = 1
1866  write(6, "\0", 1)                 = 1
1866  close(6)                          = 0
1866  openat(AT_FDCWD, "/usr/lib/jvm/java-21-openjdk-amd64/lib/libjava.so", O_RDONLY|O_CLOEXEC) = 4
1866  read(4, "\177ELF\2\1\1\0\0\0\0\0\0\0\0\0\3\0>\0\1\0\0\0\0\0\0\0\0\0\0\0"..., 4096) = 4096
1866  read(4, "\177ELF\2\1\1\0\0\0\0\0\0\0\0\0\3\0>\0\1\0\0\0\0\0\0\0\0\0\0\0"..., 4096) = 4096
1866  close(4)                          = 0
1866  openat(AT_FDCWD, "/usr/lib/jvm/java-21-openjdk-amd64/lib/libjava.so", O_RDONLY|O_CLOEXEC) = 4
1866  read(4, "\177ELF\2\1\1\0\0\0\0\0\0\0\0\0\3\0>\0\1\0\0\0\0\0\0\0\0\0\0\0"..., 832) = 832
1866  close(4)                          = 0
1866  --- SIGSEGV {si_signo=SIGSEGV, si_code=SEGV_MAPERR, si_addr=NULL} ---
1866  openat(AT_FDCWD, "/sys/devices/system/cpu/cpu0/microcode/version", O_RDONLY|O_CLOEXEC) = -1 ENOENT (No such file or directory)
1866  openat(AT_FDCWD, "/proc/cpuinfo", O_RDONLY|O_CLOEXEC) = 4
1866  read(4, "processor\t: 0\nvendor_id\t: Genuin"..., 1024) = 1024
1866  close(4)                          = 0
1866  openat(AT_FDCWD, "/usr/lib/jvm/java-21-openjdk-amd64/lib/server/classes.jsa", O_RDONLY|O_CLOEXEC) = 4
1866  read(4, "\242\253\v\360\6$\246\252\22\0\0\0\20\3\0\0\0\0\0\0\0\0\0\0", 24) = 24
1866  read(4, "\242\253\v\360\6$\246\252\22\0\0\0\20\3\0\0\0\0\0\0\0\0\0\0000\3001\26\0\0\0\0"..., 784) = 784
1866  read(4, "\242\253\v\360\6$\246\252\22\0\0\0\20\3\0\0\0\0\0\0\0\0\0\0000\3001\26\0\0\0\0"..., 784) = 784
1866  close(4)                          = 0
1866  openat(AT_FDCWD, "/usr/lib/locale/locale-archive", O_RDONLY|O_CLOEXEC) = -1 ENOENT (No such file or directory)
1866  openat(AT_FDCWD, "/usr/share/locale/locale.alias", O_RDONLY|O_CLOEXEC) = 4
1866  read(4, "# Locale name alias data base.\n#"..., 4096) = 2996
1866  read(4, "", 4096)                 = 0
1866  close(4)                          = 0
1866  openat(AT_FDCWD, "/usr/lib/locale/C.UTF-8/LC_IDENTIFICATION", O_RDONLY|O_CLOEXEC) = -1 ENOENT (No such file or directory)
1866  openat(AT_FDCWD, "/usr/lib/locale/C.utf8/LC_IDENTIFICATION", O_RDONLY|O_CLOEXEC) = 4
1866  close(4)                          = 0
1866  openat(AT_FDCWD, "/usr/lib/x86_64-linux-gnu/gconv/gconv-modules.cache", O_RDONLY|O_CLOEXEC) = 4
1866  close(4)                          = 0
1866  openat(AT_FDCWD, "/usr/lib/locale/C.UTF-8/LC_MEASUREMENT", O_RDONLY|O_CLOEXEC) = -1 ENOENT (No such file or directory)
1866  openat(AT_FDCWD, "/usr/lib/locale/C.utf8/LC_MEASUREMENT", O_RDONLY|O_CLOEXEC) = 4
1866  close(4)                          = 0
1866  openat(AT_FDCWD, "/usr/lib/locale/C.UTF-8/LC_TELEPHONE", O_RDONLY|O_CLOEXEC) = -1 ENOENT (No such file or directory)
1866  openat(AT_FDCWD, "/usr/lib/locale/C.utf8/LC_TELEPHONE", O_RDONLY|O_CLOEXEC) = 4
1866  close(4)                          = 0
1866  openat(AT_FDCWD, "/usr/lib/locale/C.UTF-8/LC_ADDRESS", O_RDONLY|O_CLOEXEC) = -1 ENOENT (No such file or directory)
1866  openat(AT_FDCWD, "/usr/lib/locale/C.utf8/LC_ADDRESS", O_RDONLY|O_CLOEXEC) = 4
1866  close(4)                          = 0
1866  openat(AT_FDCWD, "/usr/lib/locale/C.UTF-8/LC_NAME", O_RDONLY|O_CLOEXEC) = -1 ENOENT (No such file or directory)
1866  openat(AT_FDCWD, "/usr/lib/locale/C.utf8/LC_NAME", O_RDONLY|O_CLOEXEC) = 4
1866  close(4)                          = 0
1866  openat(AT_FDCWD, "/usr/lib/locale/C.UTF-8/LC_PAPER", O_RDONLY|O_CLOEXEC) = -1 ENOENT (No such file or directory)
1866  openat(AT_FDCWD, "/usr/lib/locale/C.utf8/LC_PAPER", O_RDONLY|O_CLOEXEC) = 4
1866  close(4)                          = 0
1866  openat(AT_FDCWD, "/usr/lib/locale/C.UTF-8/LC_MESSAGES", O_RDONLY|O_CLOEXEC) = -1 ENOENT (No such file or directory)
1866  openat(AT_FDCWD, "/usr/lib/locale/C.utf8/LC_MESSAGES", O_RDONLY|O_CLOEXEC) = 4
1866  close(4)                          = 0
1866  openat(AT_FDCWD, "/usr/lib/locale/C.utf8/LC_MESSAGES/SYS_LC_MESSAGES", O_RDONLY|O_CLOEXEC) = 4
1866  close(4)                          = 0
1866  openat(AT_FDCWD, "/usr/lib/locale/C.UTF-8/LC_MONETARY", O_RDONLY|O_CLOEXEC) = -1 ENOENT (No such file or directory)
1866  openat(AT_FDCWD, "/usr/lib/locale/C.utf8/LC_MONETARY", O_RDONLY|O_CLOEXEC) = 4
1866  close(4)                          = 0
1866  openat(AT_FDCWD, "/usr/lib/locale/C.UTF-8/LC_COLLATE", O_RDONLY|O_CLOEXEC) = -1 ENOENT (No such file or directory)
1866  openat(AT_FDCWD, "/usr/lib/locale/C.utf8/LC_COLLATE", O_RDONLY|O_CLOEXEC) = 4
1866  close(4)                          = 0
1866  openat(AT_FDCWD, "/usr/lib/locale/C.UTF-8/LC_TIME", O_RDONLY|O_CLOEXEC) = -1 ENOENT (No such file or directory)
1866  openat(AT_FDCWD, "/usr/lib/locale/C.utf8/LC_TIME", O_RDONLY|O_CLOEXEC) = 4
1866  close(4)                          = 0
1866  openat(AT_FDCWD, "/usr/lib/locale/C.UTF-8/LC_NUMERIC", O_RDONLY|O_CLOEXEC) = -1 ENOENT (No such file or directory)
1866  openat(AT_FDCWD, "/usr/lib/locale/C.utf8/LC_NUMERIC", O_RDONLY|O_CLOEXEC) = 4
1866  close(4)                          = 0
1866  openat(AT_FDCWD, "/usr/lib/locale/C.UTF-8/LC_CTYPE", O_RDONLY|O_CLOEXEC) = -1 ENOENT (No such file or directory)
1866  openat(AT_FDCWD, "/usr/lib/locale/C.utf8/LC_CTYPE", O_RDONLY|O_CLOEXEC) = 4
1866  close(4)                          = 0
1866  openat(AT_FDCWD, "/etc/passwd", O_RDONLY|O_CLOEXEC) = 4
1866  read(4, "root:x:0:0:root:/root:/bin/bash\n"..., 4096) = 1476
1866  close(4)                          = 0
1874  openat(AT_FDCWD, "/sys/devices/system/cpu/online", O_RDONLY|O_CLOEXEC) = 4
1874  read(4, "0-15\n", 1024)           = 5
1874  close(4)                          = 0
1879  openat(AT_FDCWD, "/usr/lib/jvm/java-21-openjdk-amd64/lib/libjsvml.so", O_RDONLY|O_CLOEXEC) = 4
1879  read(4, "\177ELF\2\1\1\0\0\0\0\0\0\0\0\0\3\0>\0\1\0\0\0\0\0\0\0\0\0\0\0"..., 4096) = 4096
1879  read(4, "\177ELF\2\1\1\0\0\0\0\0\0\0\0\0\3\0>\0\1\0\0\0\0\0\0\0\0\0\0\0"..., 4096) = 4096
1879  close(4)                          = 0
1879  openat(AT_FDCWD, "/usr/lib/jvm/java-21-openjdk-amd64/lib/libjsvml.so", O_RDONLY|O_CLOEXEC) = 4
1879  read(4, "\177ELF\2\1\1\0\0\0\0\0\0\0\0\0\3\0>\0\1\0\0\0\0\0\0\0\0\0\0\0"..., 832) = 832
1879  close(4)                          = 0
1866  openat(AT_FDCWD, "/mnt/c/Users/ujjwa/OneDrive/Desktop/Hack/AdvDBLab/LAB-1/FileIOAssignment.class", O_RDONLY) = 4
1866  read(4, "\312\376\272\276\0\0\0A\0\214\n\0\2\0\3\7\0\4\f\0\5\0\6\1\0\20java/l"..., 1024) = 1024
1866  read(4, "sh\n\0:\0Q\f\0R\0\6\1\0\5close\7\0T\1\0\23java/l"..., 1638) = 1638
1866  close(4)                          = 0
1866  openat(AT_FDCWD, "assignment-data.txt", O_WRONLY|O_CREAT|O_TRUNC, 0666) = 4
1866  write(4, "Advanced DBMS Lab 1\nThis file wa"..., 178) = 178
1866  close(4)                          = 0
1866  openat(AT_FDCWD, "assignment-data.txt", O_RDONLY) = 4
1866  read(4, "Advanced DBMS Lab 1\nThis file wa"..., 178) = 178
1866  close(4)                          = 0
1866  write(1, "File written successfully: /mnt/"..., 103) = 103
1866  write(1, "\nRead back from file:\n\n", 23) = 23
1866  write(1, "Advanced DBMS Lab 1\nThis file wa"..., 179) = 179
1872  +++ exited with 0 +++
1870  +++ exited with 0 +++
1871  +++ exited with 0 +++
1868  +++ exited with 0 +++
1876  +++ exited with 0 +++
1873  +++ exited with 0 +++
1866  +++ exited with 0 +++
1882  +++ exited with 0 +++
1881  +++ exited with 0 +++
1880  +++ exited with 0 +++
1879  +++ exited with 0 +++
1878  +++ exited with 0 +++
1877  +++ exited with 0 +++
1875  +++ exited with 0 +++
1874  +++ exited with 0 +++
1869  +++ exited with 0 +++
1867  +++ exited with 0 +++
1865  +++ exited with 0 +++